[forums.kicksecure.com/index.html]
[backblue.gif]
[fade.gif]
[index.html]
[external.html]
[forums.kicksecure.com/index.html]
[forums.kicksecure.com/uploads/default/optimized/1X/cbdfe4b0c05c97069961301225ed1ccd6e766f67_2_180x180.png]
[forums.kicksecure.com/uploads/default/optimized/1X/0db9935a1fdd7302cae516aaa752af0de307d388_2_32x32.png]
[forums.kicksecure.com/opensearch.xml]
[forums.kicksecure.com/stylesheets/color_definitions_base__3_23c1d23aaa7331d39852b3a66053c33844121e9e.css_; filename_=UTF-8''color_definitions_base__3_23c1d23aaa7331d39852b3a66053c33844121e9e6]
[forums.kicksecure.com/stylesheets/desktop_f44f5a9748e43fe2a56a55aac20b030e92ec0ed6.css_; filename_=UTF-8''desktop_f44f5a9748e43fe2a56a55aac20b030e92ec0ed661cf.css]
[forums.kicksecure.com/stylesheets/discourse-details_f44f5a9748e43fe2a56a55aac20b030e92ec0ed6.css_; filename_=UTF-8''discourse-details_f44f5a9748e43fe2a56a55aac20b030e92ec0ed661cf.css]
[forums.kicksecure.com/stylesheets/discourse-lazy-videos_f44f5a9748e43fe2a56a55aac20b030e92ec0ed6.css_; filename_=UTF-8''discourse-lazy-videos_f44f5a9748e43fe2a56a55aac20b030e92ec0ed661cf.css]
[forums.kicksecure.com/stylesheets/discourse-local-dates_f44f5a9748e43fe2a56a55aac20b030e92ec0ed6.css_; filename_=UTF-8''discourse-local-dates_f44f5a9748e43fe2a56a55aac20b030e92ec0ed661cf.css]
[forums.kicksecure.com/stylesheets/discourse-narrative-bot_f44f5a9748e43fe2a56a55aac20b030e92ec0ed6.css_; filename_=UTF-8''discourse-narrative-bot_f44f5a9748e43fe2a56a55aac20b030e92ec0ed661cf]
[forums.kicksecure.com/stylesheets/discourse-presence_f44f5a9748e43fe2a56a55aac20b030e92ec0ed6.css_; filename_=UTF-8''discourse-presence_f44f5a9748e43fe2a56a55aac20b030e92ec0ed661cf.css]
[forums.kicksecure.com/stylesheets/docker_manager_f44f5a9748e43fe2a56a55aac20b030e92ec0ed6.css_; filename_=UTF-8''docker_manager_f44f5a9748e43fe2a56a55aac20b030e92ec0ed661cf.css]
[forums.kicksecure.com/w/images/0/0b/End-of-year-times.png]
[forums.kicksecure.com/stylesheets/poll_f44f5a9748e43fe2a56a55aac20b030e92ec0ed6.css_; filename_=UTF-8''poll_f44f5a9748e43fe2a56a55aac20b030e92ec0ed661cf.css]
[forums.kicksecure.com/w/images/3/32/End-of-year-pause.png]
[forums.kicksecure.com/w/images/c/c8/End-of-year-play.png]
[forums.kicksecure.com/stylesheets/poll_desktop_f44f5a9748e43fe2a56a55aac20b030e92ec0ed6.css_; filename_=UTF-8''poll_desktop_f44f5a9748e43fe2a56a55aac20b030e92ec0ed661cf.css]
[forums.kicksecure.com/c/news/5.html]
[forums.kicksecure.com/stylesheets/desktop_theme_3_8957c102fa56e2746cf314a181dafff36a2cf2c1.css_; filename_=UTF-8''desktop_theme_3_8957c102fa56e2746cf314a181dafff36a2cf2c161cf.css]
[forums.kicksecure.com/c/website/2.html]
[forums.kicksecure.com/stylesheets/desktop_theme_2_c4c5b3c385c670fe577719fafbd1d4b4bff7b6cd.css_; filename_=UTF-8''desktop_theme_2_c4c5b3c385c670fe577719fafbd1d4b4bff7b6cd61cf.css]
[forums.kicksecure.com/c/support/6.html]
[forums.kicksecure.com/c/news/5.html]
[forums.kicksecure.com/c/development/7.html]
[forums.kicksecure.com/c/website/2.html]
[forums.kicksecure.com/c/qubes/8.html]
[forums.kicksecure.com/c/virtualbox/9.html]
[forums.kicksecure.com/c/support/_https_/www.kicksecure.com/wiki/Support__support_/a_.42.delayed]
[forums.kicksecure.com/c/kvm/10.html]
[forums.kicksecure.com/c/unsupported-platforms/11.html]
[forums.kicksecure.com/c/apparmor/12.html]
[forums.kicksecure.com/c/support/6.html]
[forums.kicksecure.com/c/recycle-bin/16.html]
[forums.kicksecure.com/guidelines.html]
[forums.kicksecure.com/c/development/7.html]
[forums.kicksecure.com/categories.html]
[forums.kicksecure.com/c/organization/13.html]
[forums.kicksecure.com/c/qubes/8.html]
[forums.kicksecure.com/posts.rss]
[forums.kicksecure.com/latest.rss]
[forums.kicksecure.com/c/news/5.rss]
[forums.kicksecure.com/c/virtualbox/9.html]
[forums.kicksecure.com/c/kvm/10.html]
[forums.kicksecure.com/c/unsupported-platforms/11.html]
[forums.kicksecure.com/c/news/52679.html]
[forums.kicksecure.com/c/apparmor/12.html]
[forums.kicksecure.com/c/organization/13.html]
[forums.kicksecure.com/letter_avatar_proxy/v4/letter/p/b2d939/25.png]
[forums.kicksecure.com/c/recycle-bin/16.html]
[forums.kicksecure.com/categories.html]
[forums.kicksecure.com/tag/important-news.html]
[forums.kicksecure.com/c/site-feedback.c0.delayed]
[forums.kicksecure.com/guidelines.html]
[forums.kicksecure.com/letter_avatar_proxy/v4/letter/s/ba8739/25.png]
[forums.kicksecure.com/c/news/52679.html]
[forums.kicksecure.com/t/about-the-news-category/15.html]
[forums.kicksecure.com/t/kicksecure-17-1-1-5-for-virtualbox-point-release/356.html]
[forums.kicksecure.com/letter_avatar_proxy/v4/letter/h/edb3f5/25.png]
[forums.kicksecure.com/t/kicksecure-17-1-0-2-for-virtualbox-point-release/340.html]
[forums.kicksecure.com/tag/important-news.html]
[forums.kicksecure.com/t/kicksecure-17-0-4-5-for-virtualbox-point-release/312.html]
[forums.kicksecure.com/c/website/22679.html]
[forums.kicksecure.com/t/kicksecure-17-has-been-released-debian-12-bookworm-based-major-release/284.html]
[forums.kicksecure.com/c/website/2.rss]
[forums.kicksecure.com/t/kicksecure-17-0-3-0-for-virtualbox-major-release-debian-12-bookworm-based-testers-wanted/281.html]
[forums.kicksecure.com/t/kicksecure-17-0-1-9-for-virtualbox-major-release-debian-12-bookworm-based-testers-wanted/275.html]
[forums.kicksecure.com/letter_avatar_proxy/v4/letter/j/f475e1/25.png]
[forums.kicksecure.com/t/kicksecure-16-1-1-5-for-virtualbox-point-release/264.html]
[forums.kicksecure.com/t/kicksecure-16-0-9-8-for-virtualbox-point-release/222.html]
[forums.kicksecure.com/letter_avatar_proxy/v4/letter/m/df705f/25.png]
[forums.kicksecure.com/letter_avatar_proxy/v4/letter/a/3d9bf3/25.png]
[forums.kicksecure.com/t/kicksecure-16-0-9-0-kvm-point-release/191.html]
[forums.kicksecure.com/letter_avatar_proxy/v4/letter/n/8e7dd6/25.png]
[forums.kicksecure.com/t/kicksecure-16-0-9-0-for-virtualbox-point-release/160.html]
[forums.kicksecure.com/t/kicksecure-16-0-8-2-for-virtualbox-point-release/114.html]
[forums.kicksecure.com/c/website/22679.html]
[forums.kicksecure.com/c/support/62679.html]
[forums.kicksecure.com/c/support/6.rss]
[forums.kicksecure.com/letter_avatar_proxy/v4/letter/k/4da419/25.png]
[forums.kicksecure.com/images/emoji/twitter/winkc164.png]
[forums.kicksecure.com/letter_avatar_proxy/v4/letter/w/8c91f0/25.png]
[forums.kicksecure.com/letter_avatar_proxy/v4/letter/g/b5e925/25.png]
[forums.kicksecure.com/t/kicksecure-logo-draft/20.html]
[forums.kicksecure.com/letter_avatar_proxy/v4/letter/f/0ea827/25.png]
[forums.kicksecure.com/t/domain-clientdeleteprohibited-status/179.html]
[forums.kicksecure.com/letter_avatar_proxy/v4/letter/k/b3f665/25.png]
[forums.kicksecure.com/t/rss-feeds-for-the-project/234.html]
[forums.kicksecure.com/letter_avatar_proxy/v4/letter/t/6de8d8/25.png]
[forums.kicksecure.com/letter_avatar_proxy/v4/letter/s/b3f665/25.png]
[forums.kicksecure.com/user_avatar/forums.kicksecure.com/pxlkng/25/78_2.jpg]
[forums.kicksecure.com/t/no-valid-pgp-data-found/186.html]
[forums.kicksecure.com/t/remove-replace-broken-links-at-kicksecure-com/&quot;https_/forums.kicksecure.10b.delayed]
[forums.kicksecure.com/letter_avatar_proxy/v4/letter/j/46a35a/25.png]
[forums.kicksecure.com/t/remove-replace-broken-links-at-kicksecure-com/_https_/forums.kicksecure.org_]
[forums.kicksecure.com/t/remove-replace-broken-links-at-kicksecure-com/_https_/dl.acm.org/citation06aa.cfm]
[forums.kicksecure.com/t/remove-replace-broken-links-at-kicksecure-com/150.html]
[forums.kicksecure.com/letter_avatar_proxy/v4/letter/p/3be4f8/25.png]
[forums.kicksecure.com/t/reply-to-forums-via-e-mail-test-forum-thread/67.html]
[forums.kicksecure.com/c/support/62679.html]
[forums.kicksecure.com/c/support/_https_/www.kicksecure.com/wiki/Support__support_/a_.html]
[forums.kicksecure.com/letter_avatar_proxy/v4/letter/h/8491ac/25.png]
[forums.kicksecure.com/t/updating-kicksecure-to-17-1-1-5-breaks-grub-live/358.html]
[forums.kicksecure.com/t/logical-cpu-cores-in-virt-manager-halved-after-installing-kicksecure-on-host/348.html]
[forums.kicksecure.com/letter_avatar_proxy/v4/letter/i/e495f1/25.png]
[forums.kicksecure.com/t/kicksecure-as-server-os/354.html]
[forums.kicksecure.com/t/unable-access-to-web-using-expressvpn/352.html]
[forums.kicksecure.com/user_avatar/forums.kicksecure.com/mh4speech/25/30_2.png]
[forums.kicksecure.com/t/openvpn-cant-connect-after-the-recent-kicksecure-updates/350.html]
[forums.kicksecure.com/t/livecheck-sh-script-broken-on-bookworm/269.html]
[forums.kicksecure.com/letter_avatar_proxy/v4/letter/n/ba8739/25.png]
[forums.kicksecure.com/t/passwd-dont-work-anymore-after-the-latest-kicksecure-update/347.html]
[forums.kicksecure.com/t/networkmanager-hardening-configs-of-securitymisc-are-missing-on-kicksecure-qcow2-image/343.html]
[forums.kicksecure.com/letter_avatar_proxy/v4/letter/q/e9bcb4/25.png]
[forums.kicksecure.com/t/live-mode-vm-virtualbox/339.html]
[forums.kicksecure.com/t/error-at-dkms-status-for-tirdad-and-lkrg-warning-diff-between-built-and-installed-module/342.html]
[forums.kicksecure.com/letter_avatar_proxy/v4/letter/s/49beb7/25.png]
[forums.kicksecure.com/t/beyond-blocking-debian-signed-onionized-sources-for-qubes-template/332.html]
[forums.kicksecure.com/t/confusing-information-about-installing-kicksecure-cli-host-or-kicksecure-xfce-host/330.html]
[forums.kicksecure.com/letter_avatar_proxy/v4/letter/p/898d66/25.png]
[forums.kicksecure.com/t/qubes-os-in-place-upgrade-from-16-to-17-changed-vm-monitor-behavior/323.html]
[forums.kicksecure.com/letter_avatar_proxy/v4/letter/l/ebca7d/25.png]
[forums.kicksecure.com/t/using-python3-with-kicksecure/311.html]
[forums.kicksecure.com/t/lost-operability-after-update/318.html]
[forums.kicksecure.com/letter_avatar_proxy/v4/letter/r/d9b06d/25.png]
[forums.kicksecure.com/t/how-do-i-install-kicksecure-without-installing-or-using-anything-tor-related/316.html]
[forums.kicksecure.com/t/no-signature-keys-available/298.html]
[forums.kicksecure.com/letter_avatar_proxy/v4/letter/s/6de8d8/25.png]
[forums.kicksecure.com/t/vm-morph-debian-to-kicksecure-no-preinstall-tools/291.html]
[forums.kicksecure.com/t/lkrg-kill-onion-grater/288.html]
[forums.kicksecure.com/letter_avatar_proxy/v4/letter/d/9dc877/25.png]
[forums.kicksecure.com/t/transparent-tor-proxy/283.html]
[forums.kicksecure.com/t/apt-traffic-and-vpn/276.html]
[forums.kicksecure.com/t/dracut-debain-12-kicksecure-distromorph-for-ram-wipe/274.html]
[forums.kicksecure.com/letter_avatar_proxy/v4/letter/d/da6949/25.png]
[forums.kicksecure.com/t/tor-reports-warn-bootstrap-progress-5-tag-conn-summary-connecting-to-a-relay/266.html]
[forums.kicksecure.com/letter_avatar_proxy/v4/letter/s/e0b2c6/25.png]
[forums.kicksecure.com/letter_avatar_proxy/v4/letter/b/f6c823/25.png]
[forums.kicksecure.com/t/cannot-get-sdwdate-to-sync/25.html]
[forums.kicksecure.com/letter_avatar_proxy/v4/letter/i/df705f/25.png]
[forums.kicksecure.com/letter_avatar_proxy/v4/letter/w/8e8cbc/25.png]
[forums.kicksecure.com/t/performance-how-do-i-turn-smt-back-on/261.html]
[forums.kicksecure.com/t/sudoless-kicksecure/139.html]
[forums.kicksecure.com/letter_avatar_proxy/v4/letter/r/e495f1/25.png]
[forums.kicksecure.com/t/kicksecure-no-screen-lock-installed/221.html]
[forums.kicksecure.com/t/hardware-detection-problems-cd-rom-special-device-dev-sr0-does-not-exist-and-hp-laserjet-4-printer-hplip-does-not-detect/256.html]
[forums.kicksecure.com/c/development/72679.html]
[forums.kicksecure.com/t/questions-about-lkrg-and-debians-hardening-runtime-package/242.html]
[forums.kicksecure.com/c/development/7.rss]
[forums.kicksecure.com/t/questions-about-further-hardening-and-the-harden-kernel-package/241.html]
[forums.kicksecure.com/c/development/72679.html]
[forums.kicksecure.com/t/tor-project-is-resurrecting-secbrowser-as-mullvad-browser/101.html]
[forums.kicksecure.com/t/sequoia-pgp-gpg-replacement-openpgp/260.html]
[forums.kicksecure.com/letter_avatar_proxy/v4/letter/t/ea666f/25.png]
[forums.kicksecure.com/t/include-rng-tools5-by-default-to-copy-random-bits-from-tpm-to-dev-random/321.html]
[forums.kicksecure.com/t/upstream-patch-tracking-bug-blocking-haveged-updates/320.html]
[forums.kicksecure.com/t/running-android-apps-inside-kicksecure-waydroid/304.html]
[forums.kicksecure.com/t/iso-milestones/280.html]
[forums.kicksecure.com/tag/milestone_kicksecure_17.html]
[forums.kicksecure.com/t/consider-installing-systemd-oomd-by-default/223.html]
[forums.kicksecure.com/tag/milestone_kicksecure_17.html]
[forums.kicksecure.com/t/kicksecure-xfce-host-not-installable-in-debian-12-removed-dependency/152.html]
[forums.kicksecure.com/t/systemcheck-wont-load-work-on-debian-12-next-release/130.html]
[forums.kicksecure.com/letter_avatar_proxy/v4/letter/g/67e7ee/25.png]
[forums.kicksecure.com/t/apt-sources-list-one-line-format-versus-deb822-style-format/267.html]
[forums.kicksecure.com/t/feature-request-integrate-vramfs-or-similar/259.html]
[forums.kicksecure.com/t/sdwdate-failed-to-start-in-debian-12-bookworm-next-release/134.html]
[forums.kicksecure.com/t/disabling-smt-in-security-misc-may-make-security-worse-on-some-power9-systems/100.html]
[forums.kicksecure.com/t/can-blockchain-be-used-to-improve-the-security-of-an-operating-system/230.html]
[forums.kicksecure.com/letter_avatar_proxy/v4/letter/q/bc79bd/25.png]
[forums.kicksecure.com/t/adding-new-packages-will-be-installed-with-its-recommends/156.html]
[forums.kicksecure.com/t/propose-building-off-alpine-linux/107.html]
[forums.kicksecure.com/tag/status_closed_issue_implemented.html]
[forums.kicksecure.com/t/add-remove-extra-packages/135.html]
[forums.kicksecure.com/t/not-having-a-default-browser-and-pressing-on-web-browser-icon-in-xfce-will-give-annoying-bug/128.html]
[forums.kicksecure.com/letter_avatar_proxy/v4/letter/n/e495f1/25.png]
[forums.kicksecure.com/tag/status_closed_issue_implemented.html]
[forums.kicksecure.com/c/qubes/82679.html]
[forums.kicksecure.com/t/add-pyqt5-dev-tool-dependency-to-kicksecure-dependencies/129.html]
[forums.kicksecure.com/letter_avatar_proxy/v4/letter/h/e19b73/25.png]
[forums.kicksecure.com/t/changing-kicksecure-repository-to-tester-will-add-tor-by-default-to-the-repo/127.html]
[forums.kicksecure.com/t/disable-unnecessary-startup-processes-e-g-evolution-calendar/126.html]
[forums.kicksecure.com/c/qubes/8.rss]
[forums.kicksecure.com/t/derivative-maker-build-script-running-as-user-versus-root-versus-sudo-design/76.html]
[forums.kicksecure.com/letter_avatar_proxy/v4/letter/u/8e7dd6/25.png]
[forums.kicksecure.com/t/block-browser-startup-in-template-vms/71.html]
[forums.kicksecure.com/t/make-systemcheck-gui-give-better-message-when-no-tor-connection-detected/61.html]
[forums.kicksecure.com/letter_avatar_proxy/v4/letter/b/aeb1de/25.png]
[forums.kicksecure.com/t/consider-firewall-by-default/57.html]
[forums.kicksecure.com/c/qubes/82679.html]
[forums.kicksecure.com/t/about-the-qubes-category/140.html]
[forums.kicksecure.com/user_avatar/forums.kicksecure.com/iymsp/25/70_2.jpg]
[forums.kicksecure.com/t/cannot-use-split-u2f-yubikey-website-authentication/165.html]
[forums.kicksecure.com/c/virtualbox/9.rss]
[forums.kicksecure.com/c/virtualbox/92679.html]
[forums.kicksecure.com/t/installation-problem/205.html]
[forums.kicksecure.com/letter_avatar_proxy/v4/letter/s/eada6e/25.png]
[forums.kicksecure.com/letter_avatar_proxy/v4/letter/m/59ef9b/25.png]
[forums.kicksecure.com/t/using-tirdad-with-fsf-libre-kernel/188.html]
[forums.kicksecure.com/c/kvm/10.rss]
[forums.kicksecure.com/c/kvm/102679.html]
[forums.kicksecure.com/t/degree-of-anonymity-kicksecure-vs-whonix-on-qubes-os/159.html]
[forums.kicksecure.com/c/virtualbox/92679.html]
[forums.kicksecure.com/c/unsupported-platforms/11.rss]
[forums.kicksecure.com/c/unsupported-platforms/112679.html]
[forums.kicksecure.com/t/about-the-virtualbox-category/141.html]
[forums.kicksecure.com/t/guru-meditation-vb-37-ver-not-supported/229.html]
[forums.kicksecure.com/c/apparmor/122679.html]
[forums.kicksecure.com/c/kvm/102679.html]
[forums.kicksecure.com/c/apparmor/12.rss]
[forums.kicksecure.com/t/about-the-kvm-category/142.html]
[forums.kicksecure.com/c/unsupported-platforms/112679.html]
[forums.kicksecure.com/c/organization/132679.html]
[forums.kicksecure.com/t/about-the-unsupported-platforms-category/143.html]
[forums.kicksecure.com/c/organization/13.rss]
[forums.kicksecure.com/t/is-kicksecure-systemd-agnostic/245.html]
[forums.kicksecure.com/c/recycle-bin/162679.html]
[forums.kicksecure.com/c/apparmor/122679.html]
[forums.kicksecure.com/c/recycle-bin/16.rss]
[forums.kicksecure.com/t/about-the-apparmor-category/144.html]
[forums.kicksecure.com/c/organization/132679.html]
[forums.kicksecure.com/about.html]
[forums.kicksecure.com/t/about-the-organization-category/145.html]
[forums.kicksecure.com/faq.html]
[forums.kicksecure.com/c/recycle-bin/162679.html]
[forums.kicksecure.com/t/about-the-recycle-bin-category/148.html]
